<?xml version="1.0" encoding="UTF-8"?>
<testsuite xmlns:xsi="http://www.w3.org/2001/XMLSchema-instance" xsi:noNamespaceSchemaLocation="https://maven.apache.org/surefire/maven-surefire-plugin/xsd/surefire-test-report-3.0.xsd" version="3.0" name="TestSuite" time="175.288" tests="7" errors="0" skipped="0" failures="1">
  <properties>
    <property name="java.specification.version" value="21"/>
    <property name="sun.cpu.isalist" value="amd64"/>
    <property name="sun.jnu.encoding" value="Cp1252"/>
    <property name="java.class.path" value="C:\Users\pjaga\eclipse-workspace\TastyNibbles\target\test-classes;C:\Users\pjaga\eclipse-workspace\TastyNibbles\target\classes;C:\Users\pjaga\.m2\repository\org\seleniumhq\selenium\selenium-java\4.17.0\selenium-java-4.17.0.jar;C:\Users\pjaga\.m2\repository\org\seleniumhq\selenium\selenium-api\4.17.0\selenium-api-4.17.0.jar;C:\Users\pjaga\.m2\repository\org\seleniumhq\selenium\selenium-chrome-driver\4.17.0\selenium-chrome-driver-4.17.0.jar;C:\Users\pjaga\.m2\repository\com\google\auto\service\auto-service-annotations\1.1.1\auto-service-annotations-1.1.1.jar;C:\Users\pjaga\.m2\repository\org\seleniumhq\selenium\selenium-chromium-driver\4.17.0\selenium-chromium-driver-4.17.0.jar;C:\Users\pjaga\.m2\repository\org\seleniumhq\selenium\selenium-json\4.17.0\selenium-json-4.17.0.jar;C:\Users\pjaga\.m2\repository\org\seleniumhq\selenium\selenium-manager\4.17.0\selenium-manager-4.17.0.jar;C:\Users\pjaga\.m2\repository\org\seleniumhq\selenium\selenium-devtools-v119\4.17.0\selenium-devtools-v119-4.17.0.jar;C:\Users\pjaga\.m2\repository\org\seleniumhq\selenium\selenium-devtools-v120\4.17.0\selenium-devtools-v120-4.17.0.jar;C:\Users\pjaga\.m2\repository\org\seleniumhq\selenium\selenium-devtools-v121\4.17.0\selenium-devtools-v121-4.17.0.jar;C:\Users\pjaga\.m2\repository\org\seleniumhq\selenium\selenium-devtools-v85\4.17.0\selenium-devtools-v85-4.17.0.jar;C:\Users\pjaga\.m2\repository\org\seleniumhq\selenium\selenium-edge-driver\4.17.0\selenium-edge-driver-4.17.0.jar;C:\Users\pjaga\.m2\repository\org\seleniumhq\selenium\selenium-firefox-driver\4.17.0\selenium-firefox-driver-4.17.0.jar;C:\Users\pjaga\.m2\repository\org\seleniumhq\selenium\selenium-http\4.17.0\selenium-http-4.17.0.jar;C:\Users\pjaga\.m2\repository\dev\failsafe\failsafe\3.3.2\failsafe-3.3.2.jar;C:\Users\pjaga\.m2\repository\org\seleniumhq\selenium\selenium-ie-driver\4.17.0\selenium-ie-driver-4.17.0.jar;C:\Users\pjaga\.m2\repository\org\seleniumhq\selenium\selenium-remote-driver\4.17.0\selenium-remote-driver-4.17.0.jar;C:\Users\pjaga\.m2\repository\io\opentelemetry\semconv\opentelemetry-semconv\1.23.1-alpha\opentelemetry-semconv-1.23.1-alpha.jar;C:\Users\pjaga\.m2\repository\io\opentelemetry\opentelemetry-api\1.34.1\opentelemetry-api-1.34.1.jar;C:\Users\pjaga\.m2\repository\io\opentelemetry\opentelemetry-context\1.34.1\opentelemetry-context-1.34.1.jar;C:\Users\pjaga\.m2\repository\io\opentelemetry\opentelemetry-exporter-logging\1.34.1\opentelemetry-exporter-logging-1.34.1.jar;C:\Users\pjaga\.m2\repository\io\opentelemetry\opentelemetry-sdk-common\1.34.1\opentelemetry-sdk-common-1.34.1.jar;C:\Users\pjaga\.m2\repository\io\opentelemetry\opentelemetry-sdk-extension-autoconfigure-spi\1.34.1\opentelemetry-sdk-extension-autoconfigure-spi-1.34.1.jar;C:\Users\pjaga\.m2\repository\io\opentelemetry\opentelemetry-sdk-extension-autoconfigure\1.34.1\opentelemetry-sdk-extension-autoconfigure-1.34.1.jar;C:\Users\pjaga\.m2\repository\io\opentelemetry\opentelemetry-api-events\1.34.1-alpha\opentelemetry-api-events-1.34.1-alpha.jar;C:\Users\pjaga\.m2\repository\io\opentelemetry\opentelemetry-sdk-trace\1.34.1\opentelemetry-sdk-trace-1.34.1.jar;C:\Users\pjaga\.m2\repository\io\opentelemetry\opentelemetry-sdk\1.34.1\opentelemetry-sdk-1.34.1.jar;C:\Users\pjaga\.m2\repository\io\opentelemetry\opentelemetry-sdk-metrics\1.34.1\opentelemetry-sdk-metrics-1.34.1.jar;C:\Users\pjaga\.m2\repository\io\opentelemetry\opentelemetry-extension-incubator\1.34.1-alpha\opentelemetry-extension-incubator-1.34.1-alpha.jar;C:\Users\pjaga\.m2\repository\io\opentelemetry\opentelemetry-sdk-logs\1.34.1\opentelemetry-sdk-logs-1.34.1.jar;C:\Users\pjaga\.m2\repository\net\bytebuddy\byte-buddy\1.14.11\byte-buddy-1.14.11.jar;C:\Users\pjaga\.m2\repository\org\seleniumhq\selenium\selenium-os\4.17.0\selenium-os-4.17.0.jar;C:\Users\pjaga\.m2\repository\org\apache\commons\commons-exec\1.3\commons-exec-1.3.jar;C:\Users\pjaga\.m2\repository\org\seleniumhq\selenium\selenium-safari-driver\4.17.0\selenium-safari-driver-4.17.0.jar;C:\Users\pjaga\.m2\repository\org\seleniumhq\selenium\selenium-support\4.17.0\selenium-support-4.17.0.jar;C:\Users\pjaga\.m2\repository\org\apache\poi\poi\5.4.0\poi-5.4.0.jar;C:\Users\pjaga\.m2\repository\commons-codec\commons-codec\1.17.1\commons-codec-1.17.1.jar;C:\Users\pjaga\.m2\repository\org\apache\commons\commons-collections4\4.4\commons-collections4-4.4.jar;C:\Users\pjaga\.m2\repository\org\apache\commons\commons-math3\3.6.1\commons-math3-3.6.1.jar;C:\Users\pjaga\.m2\repository\commons-io\commons-io\2.18.0\commons-io-2.18.0.jar;C:\Users\pjaga\.m2\repository\com\zaxxer\SparseBitSet\1.3\SparseBitSet-1.3.jar;C:\Users\pjaga\.m2\repository\org\apache\logging\log4j\log4j-api\2.24.3\log4j-api-2.24.3.jar;C:\Users\pjaga\.m2\repository\org\apache\poi\poi-ooxml\5.4.0\poi-ooxml-5.4.0.jar;C:\Users\pjaga\.m2\repository\org\apache\poi\poi-ooxml-lite\5.4.0\poi-ooxml-lite-5.4.0.jar;C:\Users\pjaga\.m2\repository\org\apache\xmlbeans\xmlbeans\5.3.0\xmlbeans-5.3.0.jar;C:\Users\pjaga\.m2\repository\org\apache\commons\commons-compress\1.27.1\commons-compress-1.27.1.jar;C:\Users\pjaga\.m2\repository\org\apache\commons\commons-lang3\3.16.0\commons-lang3-3.16.0.jar;C:\Users\pjaga\.m2\repository\com\github\virtuald\curvesapi\1.08\curvesapi-1.08.jar;C:\Users\pjaga\.m2\repository\io\cucumber\cucumber-java\7.21.1\cucumber-java-7.21.1.jar;C:\Users\pjaga\.m2\repository\org\apiguardian\apiguardian-api\1.1.2\apiguardian-api-1.1.2.jar;C:\Users\pjaga\.m2\repository\io\cucumber\cucumber-picocontainer\7.21.1\cucumber-picocontainer-7.21.1.jar;C:\Users\pjaga\.m2\repository\org\picocontainer\picocontainer\2.15\picocontainer-2.15.jar;C:\Users\pjaga\.m2\repository\io\cucumber\cucumber-core\7.21.1\cucumber-core-7.21.1.jar;C:\Users\pjaga\.m2\repository\io\cucumber\cucumber-gherkin\7.21.1\cucumber-gherkin-7.21.1.jar;C:\Users\pjaga\.m2\repository\io\cucumber\cucumber-gherkin-messages\7.21.1\cucumber-gherkin-messages-7.21.1.jar;C:\Users\pjaga\.m2\repository\io\cucumber\messages\27.2.0\messages-27.2.0.jar;C:\Users\pjaga\.m2\repository\io\cucumber\testng-xml-formatter\0.3.1\testng-xml-formatter-0.3.1.jar;C:\Users\pjaga\.m2\repository\io\cucumber\query\13.2.0\query-13.2.0.jar;C:\Users\pjaga\.m2\repository\io\cucumber\tag-expressions\6.1.2\tag-expressions-6.1.2.jar;C:\Users\pjaga\.m2\repository\io\cucumber\cucumber-expressions\18.0.1\cucumber-expressions-18.0.1.jar;C:\Users\pjaga\.m2\repository\io\cucumber\datatable\7.21.1\datatable-7.21.1.jar;C:\Users\pjaga\.m2\repository\io\cucumber\cucumber-plugin\7.21.1\cucumber-plugin-7.21.1.jar;C:\Users\pjaga\.m2\repository\io\cucumber\docstring\7.21.1\docstring-7.21.1.jar;C:\Users\pjaga\.m2\repository\io\cucumber\html-formatter\21.9.0\html-formatter-21.9.0.jar;C:\Users\pjaga\.m2\repository\io\cucumber\junit-xml-formatter\0.7.1\junit-xml-formatter-0.7.1.jar;C:\Users\pjaga\.m2\repository\io\cucumber\ci-environment\10.0.1\ci-environment-10.0.1.jar;C:\Users\pjaga\.m2\repository\io\cucumber\gherkin\31.0.0\gherkin-31.0.0.jar;C:\Users\pjaga\.m2\repository\io\cucumber\cucumber-testng\7.21.1\cucumber-testng-7.21.1.jar;C:\Users\pjaga\.m2\repository\org\testng\testng\7.10.2\testng-7.10.2.jar;C:\Users\pjaga\.m2\repository\com\beust\jcommander\1.82\jcommander-1.82.jar;C:\Users\pjaga\.m2\repository\org\webjars\jquery\3.7.1\jquery-3.7.1.jar;C:\Users\pjaga\.m2\repository\com\github\sdrss\reportng\2.7.0\reportng-2.7.0.jar;C:\Users\pjaga\.m2\repository\velocity\velocity\1.5\velocity-1.5.jar;C:\Users\pjaga\.m2\repository\commons-collections\commons-collections\3.1\commons-collections-3.1.jar;C:\Users\pjaga\.m2\repository\commons-lang\commons-lang\2.1\commons-lang-2.1.jar;C:\Users\pjaga\.m2\repository\oro\oro\2.0.8\oro-2.0.8.jar;C:\Users\pjaga\.m2\repository\com\fasterxml\jackson\core\jackson-core\2.10.1\jackson-core-2.10.1.jar;C:\Users\pjaga\.m2\repository\com\fasterxml\jackson\core\jackson-databind\2.12.7.1\jackson-databind-2.12.7.1.jar;C:\Users\pjaga\.m2\repository\com\fasterxml\jackson\core\jackson-annotations\2.10.1\jackson-annotations-2.10.1.jar;C:\Users\pjaga\.m2\repository\org\slf4j\slf4j-api\1.7.29\slf4j-api-1.7.29.jar;C:\Users\pjaga\.m2\repository\com\google\inject\guice\7.0.0\guice-7.0.0.jar;C:\Users\pjaga\.m2\repository\jakarta\inject\jakarta.inject-api\2.0.1\jakarta.inject-api-2.0.1.jar;C:\Users\pjaga\.m2\repository\aopalliance\aopalliance\1.0\aopalliance-1.0.jar;C:\Users\pjaga\.m2\repository\com\google\guava\guava\31.0.1-jre\guava-31.0.1-jre.jar;C:\Users\pjaga\.m2\repository\com\google\guava\failureaccess\1.0.1\failureaccess-1.0.1.jar;C:\Users\pjaga\.m2\repository\com\google\guava\listenablefuture\9999.0-empty-to-avoid-conflict-with-guava\listenablefuture-9999.0-empty-to-avoid-conflict-with-guava.jar;C:\Users\pjaga\.m2\repository\com\google\code\findbugs\jsr305\3.0.2\jsr305-3.0.2.jar;C:\Users\pjaga\.m2\repository\org\checkerframework\checker-qual\3.12.0\checker-qual-3.12.0.jar;C:\Users\pjaga\.m2\repository\com\google\errorprone\error_prone_annotations\2.7.1\error_prone_annotations-2.7.1.jar;C:\Users\pjaga\.m2\repository\com\google\j2objc\j2objc-annotations\1.3\j2objc-annotations-1.3.jar;C:\Users\pjaga\.m2\repository\com\aventstack\extentreports\5.1.2\extentreports-5.1.2.jar;C:\Users\pjaga\.m2\repository\io\reactivex\rxjava3\rxjava\3.1.6\rxjava-3.1.6.jar;C:\Users\pjaga\.m2\repository\org\reactivestreams\reactive-streams\1.0.4\reactive-streams-1.0.4.jar;C:\Users\pjaga\.m2\repository\org\freemarker\freemarker\2.3.32\freemarker-2.3.32.jar;C:\Users\pjaga\.m2\repository\org\projectlombok\lombok\1.18.26\lombok-1.18.26.jar;C:\Users\pjaga\.m2\repository\com\google\code\gson\gson\2.10.1\gson-2.10.1.jar;C:\Users\pjaga\.m2\repository\io\qameta\allure\allure-testng\2.29.1\allure-testng-2.29.1.jar;C:\Users\pjaga\.m2\repository\io\qameta\allure\allure-java-commons\2.29.1\allure-java-commons-2.29.1.jar;C:\Users\pjaga\.m2\repository\io\qameta\allure\allure-model\2.29.1\allure-model-2.29.1.jar;C:\Users\pjaga\.m2\repository\io\qameta\allure\allure-test-filter\2.29.1\allure-test-filter-2.29.1.jar;"/>
    <property name="java.vm.vendor" value="Eclipse Adoptium"/>
    <property name="sun.arch.data.model" value="64"/>
    <property name="user.variant" value=""/>
    <property name="java.vendor.url" value="https://adoptium.net/"/>
    <property name="user.timezone" value="Asia/Calcutta"/>
    <property name="os.name" value="Windows 11"/>
    <property name="java.vm.specification.version" value="21"/>
    <property name="sun.java.launcher" value="SUN_STANDARD"/>
    <property name="user.country" value="IN"/>
    <property name="sun.boot.library.path" value="C:\Users\pjaga\.p2\pool\plugins\org.eclipse.justj.openjdk.hotspot.jre.full.win32.x86_64_21.0.2.v20240123-0840\jre\bin"/>
    <property name="sun.java.command" value="C:\Users\pjaga\AppData\Local\Temp\surefire17013860108274801899\surefirebooter8358462507646443097.jar C:\Users\pjaga\AppData\Local\Temp\surefire17013860108274801899 2025-03-24T09-08-33_327-jvmRun1 surefire3990221719745152161tmp surefire_012010499204693869237tmp"/>
    <property name="jdk.debug" value="release"/>
    <property name="surefire.test.class.path" value="C:\Users\pjaga\eclipse-workspace\TastyNibbles\target\test-classes;C:\Users\pjaga\eclipse-workspace\TastyNibbles\target\classes;C:\Users\pjaga\.m2\repository\org\seleniumhq\selenium\selenium-java\4.17.0\selenium-java-4.17.0.jar;C:\Users\pjaga\.m2\repository\org\seleniumhq\selenium\selenium-api\4.17.0\selenium-api-4.17.0.jar;C:\Users\pjaga\.m2\repository\org\seleniumhq\selenium\selenium-chrome-driver\4.17.0\selenium-chrome-driver-4.17.0.jar;C:\Users\pjaga\.m2\repository\com\google\auto\service\auto-service-annotations\1.1.1\auto-service-annotations-1.1.1.jar;C:\Users\pjaga\.m2\repository\org\seleniumhq\selenium\selenium-chromium-driver\4.17.0\selenium-chromium-driver-4.17.0.jar;C:\Users\pjaga\.m2\repository\org\seleniumhq\selenium\selenium-json\4.17.0\selenium-json-4.17.0.jar;C:\Users\pjaga\.m2\repository\org\seleniumhq\selenium\selenium-manager\4.17.0\selenium-manager-4.17.0.jar;C:\Users\pjaga\.m2\repository\org\seleniumhq\selenium\selenium-devtools-v119\4.17.0\selenium-devtools-v119-4.17.0.jar;C:\Users\pjaga\.m2\repository\org\seleniumhq\selenium\selenium-devtools-v120\4.17.0\selenium-devtools-v120-4.17.0.jar;C:\Users\pjaga\.m2\repository\org\seleniumhq\selenium\selenium-devtools-v121\4.17.0\selenium-devtools-v121-4.17.0.jar;C:\Users\pjaga\.m2\repository\org\seleniumhq\selenium\selenium-devtools-v85\4.17.0\selenium-devtools-v85-4.17.0.jar;C:\Users\pjaga\.m2\repository\org\seleniumhq\selenium\selenium-edge-driver\4.17.0\selenium-edge-driver-4.17.0.jar;C:\Users\pjaga\.m2\repository\org\seleniumhq\selenium\selenium-firefox-driver\4.17.0\selenium-firefox-driver-4.17.0.jar;C:\Users\pjaga\.m2\repository\org\seleniumhq\selenium\selenium-http\4.17.0\selenium-http-4.17.0.jar;C:\Users\pjaga\.m2\repository\dev\failsafe\failsafe\3.3.2\failsafe-3.3.2.jar;C:\Users\pjaga\.m2\repository\org\seleniumhq\selenium\selenium-ie-driver\4.17.0\selenium-ie-driver-4.17.0.jar;C:\Users\pjaga\.m2\repository\org\seleniumhq\selenium\selenium-remote-driver\4.17.0\selenium-remote-driver-4.17.0.jar;C:\Users\pjaga\.m2\repository\io\opentelemetry\semconv\opentelemetry-semconv\1.23.1-alpha\opentelemetry-semconv-1.23.1-alpha.jar;C:\Users\pjaga\.m2\repository\io\opentelemetry\opentelemetry-api\1.34.1\opentelemetry-api-1.34.1.jar;C:\Users\pjaga\.m2\repository\io\opentelemetry\opentelemetry-context\1.34.1\opentelemetry-context-1.34.1.jar;C:\Users\pjaga\.m2\repository\io\opentelemetry\opentelemetry-exporter-logging\1.34.1\opentelemetry-exporter-logging-1.34.1.jar;C:\Users\pjaga\.m2\repository\io\opentelemetry\opentelemetry-sdk-common\1.34.1\opentelemetry-sdk-common-1.34.1.jar;C:\Users\pjaga\.m2\repository\io\opentelemetry\opentelemetry-sdk-extension-autoconfigure-spi\1.34.1\opentelemetry-sdk-extension-autoconfigure-spi-1.34.1.jar;C:\Users\pjaga\.m2\repository\io\opentelemetry\opentelemetry-sdk-extension-autoconfigure\1.34.1\opentelemetry-sdk-extension-autoconfigure-1.34.1.jar;C:\Users\pjaga\.m2\repository\io\opentelemetry\opentelemetry-api-events\1.34.1-alpha\opentelemetry-api-events-1.34.1-alpha.jar;C:\Users\pjaga\.m2\repository\io\opentelemetry\opentelemetry-sdk-trace\1.34.1\opentelemetry-sdk-trace-1.34.1.jar;C:\Users\pjaga\.m2\repository\io\opentelemetry\opentelemetry-sdk\1.34.1\opentelemetry-sdk-1.34.1.jar;C:\Users\pjaga\.m2\repository\io\opentelemetry\opentelemetry-sdk-metrics\1.34.1\opentelemetry-sdk-metrics-1.34.1.jar;C:\Users\pjaga\.m2\repository\io\opentelemetry\opentelemetry-extension-incubator\1.34.1-alpha\opentelemetry-extension-incubator-1.34.1-alpha.jar;C:\Users\pjaga\.m2\repository\io\opentelemetry\opentelemetry-sdk-logs\1.34.1\opentelemetry-sdk-logs-1.34.1.jar;C:\Users\pjaga\.m2\repository\net\bytebuddy\byte-buddy\1.14.11\byte-buddy-1.14.11.jar;C:\Users\pjaga\.m2\repository\org\seleniumhq\selenium\selenium-os\4.17.0\selenium-os-4.17.0.jar;C:\Users\pjaga\.m2\repository\org\apache\commons\commons-exec\1.3\commons-exec-1.3.jar;C:\Users\pjaga\.m2\repository\org\seleniumhq\selenium\selenium-safari-driver\4.17.0\selenium-safari-driver-4.17.0.jar;C:\Users\pjaga\.m2\repository\org\seleniumhq\selenium\selenium-support\4.17.0\selenium-support-4.17.0.jar;C:\Users\pjaga\.m2\repository\org\apache\poi\poi\5.4.0\poi-5.4.0.jar;C:\Users\pjaga\.m2\repository\commons-codec\commons-codec\1.17.1\commons-codec-1.17.1.jar;C:\Users\pjaga\.m2\repository\org\apache\commons\commons-collections4\4.4\commons-collections4-4.4.jar;C:\Users\pjaga\.m2\repository\org\apache\commons\commons-math3\3.6.1\commons-math3-3.6.1.jar;C:\Users\pjaga\.m2\repository\commons-io\commons-io\2.18.0\commons-io-2.18.0.jar;C:\Users\pjaga\.m2\repository\com\zaxxer\SparseBitSet\1.3\SparseBitSet-1.3.jar;C:\Users\pjaga\.m2\repository\org\apache\logging\log4j\log4j-api\2.24.3\log4j-api-2.24.3.jar;C:\Users\pjaga\.m2\repository\org\apache\poi\poi-ooxml\5.4.0\poi-ooxml-5.4.0.jar;C:\Users\pjaga\.m2\repository\org\apache\poi\poi-ooxml-lite\5.4.0\poi-ooxml-lite-5.4.0.jar;C:\Users\pjaga\.m2\repository\org\apache\xmlbeans\xmlbeans\5.3.0\xmlbeans-5.3.0.jar;C:\Users\pjaga\.m2\repository\org\apache\commons\commons-compress\1.27.1\commons-compress-1.27.1.jar;C:\Users\pjaga\.m2\repository\org\apache\commons\commons-lang3\3.16.0\commons-lang3-3.16.0.jar;C:\Users\pjaga\.m2\repository\com\github\virtuald\curvesapi\1.08\curvesapi-1.08.jar;C:\Users\pjaga\.m2\repository\io\cucumber\cucumber-java\7.21.1\cucumber-java-7.21.1.jar;C:\Users\pjaga\.m2\repository\org\apiguardian\apiguardian-api\1.1.2\apiguardian-api-1.1.2.jar;C:\Users\pjaga\.m2\repository\io\cucumber\cucumber-picocontainer\7.21.1\cucumber-picocontainer-7.21.1.jar;C:\Users\pjaga\.m2\repository\org\picocontainer\picocontainer\2.15\picocontainer-2.15.jar;C:\Users\pjaga\.m2\repository\io\cucumber\cucumber-core\7.21.1\cucumber-core-7.21.1.jar;C:\Users\pjaga\.m2\repository\io\cucumber\cucumber-gherkin\7.21.1\cucumber-gherkin-7.21.1.jar;C:\Users\pjaga\.m2\repository\io\cucumber\cucumber-gherkin-messages\7.21.1\cucumber-gherkin-messages-7.21.1.jar;C:\Users\pjaga\.m2\repository\io\cucumber\messages\27.2.0\messages-27.2.0.jar;C:\Users\pjaga\.m2\repository\io\cucumber\testng-xml-formatter\0.3.1\testng-xml-formatter-0.3.1.jar;C:\Users\pjaga\.m2\repository\io\cucumber\query\13.2.0\query-13.2.0.jar;C:\Users\pjaga\.m2\repository\io\cucumber\tag-expressions\6.1.2\tag-expressions-6.1.2.jar;C:\Users\pjaga\.m2\repository\io\cucumber\cucumber-expressions\18.0.1\cucumber-expressions-18.0.1.jar;C:\Users\pjaga\.m2\repository\io\cucumber\datatable\7.21.1\datatable-7.21.1.jar;C:\Users\pjaga\.m2\repository\io\cucumber\cucumber-plugin\7.21.1\cucumber-plugin-7.21.1.jar;C:\Users\pjaga\.m2\repository\io\cucumber\docstring\7.21.1\docstring-7.21.1.jar;C:\Users\pjaga\.m2\repository\io\cucumber\html-formatter\21.9.0\html-formatter-21.9.0.jar;C:\Users\pjaga\.m2\repository\io\cucumber\junit-xml-formatter\0.7.1\junit-xml-formatter-0.7.1.jar;C:\Users\pjaga\.m2\repository\io\cucumber\ci-environment\10.0.1\ci-environment-10.0.1.jar;C:\Users\pjaga\.m2\repository\io\cucumber\gherkin\31.0.0\gherkin-31.0.0.jar;C:\Users\pjaga\.m2\repository\io\cucumber\cucumber-testng\7.21.1\cucumber-testng-7.21.1.jar;C:\Users\pjaga\.m2\repository\org\testng\testng\7.10.2\testng-7.10.2.jar;C:\Users\pjaga\.m2\repository\com\beust\jcommander\1.82\jcommander-1.82.jar;C:\Users\pjaga\.m2\repository\org\webjars\jquery\3.7.1\jquery-3.7.1.jar;C:\Users\pjaga\.m2\repository\com\github\sdrss\reportng\2.7.0\reportng-2.7.0.jar;C:\Users\pjaga\.m2\repository\velocity\velocity\1.5\velocity-1.5.jar;C:\Users\pjaga\.m2\repository\commons-collections\commons-collections\3.1\commons-collections-3.1.jar;C:\Users\pjaga\.m2\repository\commons-lang\commons-lang\2.1\commons-lang-2.1.jar;C:\Users\pjaga\.m2\repository\oro\oro\2.0.8\oro-2.0.8.jar;C:\Users\pjaga\.m2\repository\com\fasterxml\jackson\core\jackson-core\2.10.1\jackson-core-2.10.1.jar;C:\Users\pjaga\.m2\repository\com\fasterxml\jackson\core\jackson-databind\2.12.7.1\jackson-databind-2.12.7.1.jar;C:\Users\pjaga\.m2\repository\com\fasterxml\jackson\core\jackson-annotations\2.10.1\jackson-annotations-2.10.1.jar;C:\Users\pjaga\.m2\repository\org\slf4j\slf4j-api\1.7.29\slf4j-api-1.7.29.jar;C:\Users\pjaga\.m2\repository\com\google\inject\guice\7.0.0\guice-7.0.0.jar;C:\Users\pjaga\.m2\repository\jakarta\inject\jakarta.inject-api\2.0.1\jakarta.inject-api-2.0.1.jar;C:\Users\pjaga\.m2\repository\aopalliance\aopalliance\1.0\aopalliance-1.0.jar;C:\Users\pjaga\.m2\repository\com\google\guava\guava\31.0.1-jre\guava-31.0.1-jre.jar;C:\Users\pjaga\.m2\repository\com\google\guava\failureaccess\1.0.1\failureaccess-1.0.1.jar;C:\Users\pjaga\.m2\repository\com\google\guava\listenablefuture\9999.0-empty-to-avoid-conflict-with-guava\listenablefuture-9999.0-empty-to-avoid-conflict-with-guava.jar;C:\Users\pjaga\.m2\repository\com\google\code\findbugs\jsr305\3.0.2\jsr305-3.0.2.jar;C:\Users\pjaga\.m2\repository\org\checkerframework\checker-qual\3.12.0\checker-qual-3.12.0.jar;C:\Users\pjaga\.m2\repository\com\google\errorprone\error_prone_annotations\2.7.1\error_prone_annotations-2.7.1.jar;C:\Users\pjaga\.m2\repository\com\google\j2objc\j2objc-annotations\1.3\j2objc-annotations-1.3.jar;C:\Users\pjaga\.m2\repository\com\aventstack\extentreports\5.1.2\extentreports-5.1.2.jar;C:\Users\pjaga\.m2\repository\io\reactivex\rxjava3\rxjava\3.1.6\rxjava-3.1.6.jar;C:\Users\pjaga\.m2\repository\org\reactivestreams\reactive-streams\1.0.4\reactive-streams-1.0.4.jar;C:\Users\pjaga\.m2\repository\org\freemarker\freemarker\2.3.32\freemarker-2.3.32.jar;C:\Users\pjaga\.m2\repository\org\projectlombok\lombok\1.18.26\lombok-1.18.26.jar;C:\Users\pjaga\.m2\repository\com\google\code\gson\gson\2.10.1\gson-2.10.1.jar;C:\Users\pjaga\.m2\repository\io\qameta\allure\allure-testng\2.29.1\allure-testng-2.29.1.jar;C:\Users\pjaga\.m2\repository\io\qameta\allure\allure-java-commons\2.29.1\allure-java-commons-2.29.1.jar;C:\Users\pjaga\.m2\repository\io\qameta\allure\allure-model\2.29.1\allure-model-2.29.1.jar;C:\Users\pjaga\.m2\repository\io\qameta\allure\allure-test-filter\2.29.1\allure-test-filter-2.29.1.jar;"/>
    <property name="sun.cpu.endian" value="little"/>
    <property name="user.home" value="C:\Users\pjaga"/>
    <property name="user.language" value="en"/>
    <property name="java.specification.vendor" value="Oracle Corporation"/>
    <property name="java.version.date" value="2024-01-16"/>
    <property name="java.home" value="C:\Users\pjaga\.p2\pool\plugins\org.eclipse.justj.openjdk.hotspot.jre.full.win32.x86_64_21.0.2.v20240123-0840\jre"/>
    <property name="file.separator" value="\"/>
    <property name="basedir" value="C:\Users\pjaga\eclipse-workspace\TastyNibbles"/>
    <property name="style.color" value="always"/>
    <property name="java.vm.compressedOopsMode" value="Zero based"/>
    <property name="line.separator" value="&#10;"/>
    <property name="java.vm.specification.vendor" value="Oracle Corporation"/>
    <property name="java.specification.name" value="Java Platform API Specification"/>
    <property name="surefire.real.class.path" value="C:\Users\pjaga\AppData\Local\Temp\surefire17013860108274801899\surefirebooter8358462507646443097.jar"/>
    <property name="user.script" value=""/>
    <property name="sun.management.compiler" value="HotSpot 64-Bit Tiered Compilers"/>
    <property name="java.runtime.version" value="21.0.2+13-LTS"/>
    <property name="user.name" value="pjaga"/>
    <property name="stdout.encoding" value="Cp1252"/>
    <property name="path.separator" value=";"/>
    <property name="os.version" value="10.0"/>
    <property name="java.runtime.name" value="OpenJDK Runtime Environment"/>
    <property name="file.encoding" value="UTF-8"/>
    <property name="java.vm.name" value="OpenJDK 64-Bit Server VM"/>
    <property name="java.vendor.version" value="Temurin-21.0.2+13"/>
    <property name="localRepository" value="C:\Users\pjaga\.m2\repository"/>
    <property name="java.vendor.url.bug" value="https://github.com/adoptium/adoptium-support/issues"/>
    <property name="java.io.tmpdir" value="C:\Users\pjaga\AppData\Local\Temp\"/>
    <property name="java.version" value="21.0.2"/>
    <property name="user.dir" value="C:\Users\pjaga\eclipse-workspace\TastyNibbles"/>
    <property name="os.arch" value="amd64"/>
    <property name="java.vm.specification.name" value="Java Virtual Machine Specification"/>
    <property name="sun.os.patch.level" value=""/>
    <property name="native.encoding" value="Cp1252"/>
    <property name="java.library.path" value="C:\Users\pjaga\.p2\pool\plugins\org.eclipse.justj.openjdk.hotspot.jre.full.win32.x86_64_21.0.2.v20240123-0840\jre\bin;C:\WINDOWS\Sun\Java\bin;C:\WINDOWS\system32;C:\WINDOWS;C:/Users/pjaga/.p2/pool/plugins/org.eclipse.justj.openjdk.hotspot.jre.full.win32.x86_64_21.0.2.v20240123-0840/jre/bin/server;C:/Users/pjaga/.p2/pool/plugins/org.eclipse.justj.openjdk.hotspot.jre.full.win32.x86_64_21.0.2.v20240123-0840/jre/bin;C:\Program Files\Common Files\Oracle\Java\javapath;C:\Python38\Scripts\;C:\Python38\;C:\WINDOWS\system32;C:\WINDOWS;C:\WINDOWS\System32\Wbem;C:\WINDOWS\System32\WindowsPowerShell\v1.0\;C:\WINDOWS\System32\OpenSSH\;C:\Program Files\Azure Data Studio\bin;C:\Program Files\MySQL\MySQL Server 8.0\bin;C:\Program Files\HP\HP One Agent;C:\Program Files\MongoDB\Server\8.0\bin;C:\WINDOWS\system32;C:\WINDOWS;C:\WINDOWS\System32\Wbem;C:\WINDOWS\System32\WindowsPowerShell\v1.0\;C:\WINDOWS\System32\OpenSSH\;C:\Jar\allure-2.33.0\allure-2.33.0\bin;C:\Program Files\Git\cmd;C:\Program Files\Java\jdk-21\bin;C:\Program Files\apache-maven-3.9.9-bin\apache-maven-3.9.9;C:\Program Files\MySQL\MySQL Shell 8.0\bin\;C:\Users\pjaga\AppData\Local\Programs\Python\Python312\Scripts\;C:\Users\pjaga\AppData\Local\Programs\Python\Python312\;C:\Program Files\Java;C:\Users\pjaga\AppData\Local\Microsoft\WindowsApps;C:\Program Files\Azure Data Studio\bin;C:\Program Files\JetBrains\PyCharm Community Edition 2023.1.2\bin;;C:\Users\pjaga\AppData\Local\Programs\Microsoft VS Code\bin;C:\Program Files\mongosh\;;C:\WINDOWS\System32;;."/>
    <property name="java.vm.info" value="mixed mode"/>
    <property name="stderr.encoding" value="Cp1252"/>
    <property name="java.vendor" value="Eclipse Adoptium"/>
    <property name="java.vm.version" value="21.0.2+13-LTS"/>
    <property name="sun.io.unicode.encoding" value="UnicodeLittle"/>
    <property name="java.class.version" value="65.0"/>
  </properties>
  <testcase name="runScenario[&quot;User Registration with Invalid Data&quot;, &quot;User Registration&quot;](1)" classname="com.TastyNibbles.TestRunner.RegistrationNG" time="24.631">
    <system-out><![CDATA[
Scenario Outline: User Registration with Invalid Data              # src/test/resources/com.TastyNibbles.Feature/Registration.feature:18
  Given User opens the Browser                                     # com.TastyNibbles.StepDefinition.RegistrationScenario.user_opens_the_browser()
  And User navigate to the "https://www.tastynibbles.in/" web page # com.TastyNibbles.StepDefinition.RegistrationScenario.user_navigate_to_the_web_page(java.lang.String)
  When User clicks on Account link                                 # com.TastyNibbles.StepDefinition.RegistrationScenario.user_clicks_on_account_link()
  When user clicks on Create account link                          # com.TastyNibbles.StepDefinition.RegistrationScenario.user_clicks_on_create_account_link()
  When User enters 'Sai' in FirstName                              # com.TastyNibbles.StepDefinition.RegistrationScenario.user_enters_in_first_name(java.lang.String)
  And User enters  'Reddy' in LastName                             # com.TastyNibbles.StepDefinition.RegistrationScenario.user_enters_in_last_name(java.lang.String)
  And User enters 'saiiiki@gmail.com' in email                     # com.TastyNibbles.StepDefinition.RegistrationScenario.user_enters_in_email(java.lang.String)
  And User enters  '' in password                                  # com.TastyNibbles.StepDefinition.RegistrationScenario.user_enters_in_password(java.lang.String)
  And User clicks on Create button                                 # com.TastyNibbles.StepDefinition.RegistrationScenario.user_clicks_on_create_button()
Password can't be blank.
  Then User verifies the error message                             # com.TastyNibbles.StepDefinition.RegistrationScenario.user_verifies_the_error_message()
  And User closes the Browser                                      # com.TastyNibbles.StepDefinition.RegistrationScenario.user_closes_the_browser()
]]></system-out>
    <system-err><![CDATA[SLF4J: Failed to load class "org.slf4j.impl.StaticLoggerBinder".
SLF4J: Defaulting to no-operation (NOP) logger implementation
SLF4J: See http://www.slf4j.org/codes.html#StaticLoggerBinder for further details.
Mar 24, 2025 9:08:40 AM org.openqa.selenium.devtools.CdpVersionFinder findNearestMatch
WARNING: Unable to find CDP implementation matching 134
Mar 24, 2025 9:08:40 AM org.openqa.selenium.chromium.ChromiumDriver lambda$new$5
WARNING: Unable to find version of CDP to use for 134.0.6998.118. You may need to include a dependency on a specific version of the CDP using something similar to `org.seleniumhq.selenium:selenium-devtools-v86:4.17.0` where the version ("v86") matches the version of the chromium-based browser you're using and the version number of the artifact is the same as Selenium's.
]]></system-err>
  </testcase>
  <testcase name="runScenario[&quot;User Registration with Valid Data&quot;, &quot;User Registration&quot;](2)" classname="com.TastyNibbles.TestRunner.RegistrationNG" time="22.857">
    <system-out><![CDATA[
Scenario Outline: User Registration with Valid Data                # src/test/resources/com.TastyNibbles.Feature/Registration.feature:31
  Given User opens the Browser                                     # com.TastyNibbles.StepDefinition.RegistrationScenario.user_opens_the_browser()
  And User navigate to the "https://www.tastynibbles.in/" web page # com.TastyNibbles.StepDefinition.RegistrationScenario.user_navigate_to_the_web_page(java.lang.String)
  When User clicks on Account link                                 # com.TastyNibbles.StepDefinition.RegistrationScenario.user_clicks_on_account_link()
  When user clicks on Create account link                          # com.TastyNibbles.StepDefinition.RegistrationScenario.user_clicks_on_create_account_link()
  When User enters 'SaiLakshmi' in FirstName                       # com.TastyNibbles.StepDefinition.RegistrationScenario.user_enters_in_first_name(java.lang.String)
  And User enters  'Reddy' in LastName                             # com.TastyNibbles.StepDefinition.RegistrationScenario.user_enters_in_last_name(java.lang.String)
  And User enters 'gnfgadsarii@gmail.com' in email                 # com.TastyNibbles.StepDefinition.RegistrationScenario.user_enters_in_email(java.lang.String)
  And User enters  'aghngadasri@2' in password                     # com.TastyNibbles.StepDefinition.RegistrationScenario.user_enters_in_password(java.lang.String)
  And User clicks on Create button                                 # com.TastyNibbles.StepDefinition.RegistrationScenario.user_clicks_on_create_button()
Your Favourite Curries Made Easy
Order Now
  Then User verifies  registered successfully                      # com.TastyNibbles.StepDefinition.RegistrationScenario.user_verifies_registered_successfully()
  And User closes the Browser                                      # com.TastyNibbles.StepDefinition.RegistrationScenario.user_closes_the_browser()
]]></system-out>
    <system-err><![CDATA[Mar 24, 2025 9:09:01 AM org.openqa.selenium.devtools.CdpVersionFinder findNearestMatch
WARNING: Unable to find CDP implementation matching 134
Mar 24, 2025 9:09:01 AM org.openqa.selenium.chromium.ChromiumDriver lambda$new$5
WARNING: Unable to find version of CDP to use for 134.0.6998.118. You may need to include a dependency on a specific version of the CDP using something similar to `org.seleniumhq.selenium:selenium-devtools-v86:4.17.0` where the version ("v86") matches the version of the chromium-based browser you're using and the version number of the artifact is the same as Selenium's.
]]></system-err>
  </testcase>
  <testcase name="runScenario[&quot;User Login, Product Search, and Adding to Cart&quot;, &quot;Actions&quot;](1)" classname="com.TastyNibbles.TestRunner.SearchAddNG" time="28.599">
    <system-out><![CDATA[
Scenario Outline: User Login, Product Search, and Adding to Cart          # src/test/resources/com.TastyNibbles.Feature/SearchAdd.feature:18
  Given User opens the Browser                                            # com.TastyNibbles.StepDefinition.RegistrationScenario.user_opens_the_browser()
  And User navigate to the "https://www.tastynibbles.in/" web page        # com.TastyNibbles.StepDefinition.RegistrationScenario.user_navigate_to_the_web_page(java.lang.String)
  When User clicks on Account link                                        # com.TastyNibbles.StepDefinition.RegistrationScenario.user_clicks_on_account_link()
  When User enters 'sailakshmireddy@gmail.com' in email field             # com.TastyNibbles.StepDefinition.ProductSearchScenario.user_enters_in_email_field(java.lang.String)
  And User enters 'SaiReddy@2' in password field                          # com.TastyNibbles.StepDefinition.ProductSearchScenario.user_enters_in_password_field(java.lang.String)
  And User clicks on Sign In button                                       # com.TastyNibbles.StepDefinition.ProductSearchScenario.user_clicks_on_sign_in_button()
  When User types in 'pickles' about Productname                          # com.TastyNibbles.StepDefinition.ProductSearchScenario.user_types_in_about_productname(java.lang.String)
  And User selects the 'Chicken Pickle 200g' from the search results page # com.TastyNibbles.StepDefinition.ProductSearchScenario.user_selects_the_from_the_search_results_page(java.lang.String)
  And User clicks on Add to Cart link                                     # com.TastyNibbles.StepDefinition.ProductSearchScenario.user_clicks_on_add_to_cart_link()
  And User clicks the Cart button                                         # com.TastyNibbles.StepDefinition.ProductSearchScenario.user_clicks_the_cart_button()
Cart Product: Chicken Pickle 200g
Size: Pack 1
Quantity
−
+
₹ 19000
₹ 190.00
Found: Chicken Pickle 200g
  Then User verifies Product is added to the cart successfully            # com.TastyNibbles.StepDefinition.ProductSearchScenario.user_verifies_product_is_added_to_the_cart_successfully()
  And User closes the cart                                                # com.TastyNibbles.StepDefinition.ProductSearchScenario.user_closes_the_cart()
  And User closes the Browser                                             # com.TastyNibbles.StepDefinition.RegistrationScenario.user_closes_the_browser()
]]></system-out>
    <system-err><![CDATA[Mar 24, 2025 9:09:24 AM org.openqa.selenium.devtools.CdpVersionFinder findNearestMatch
WARNING: Unable to find CDP implementation matching 134
Mar 24, 2025 9:09:24 AM org.openqa.selenium.chromium.ChromiumDriver lambda$new$5
WARNING: Unable to find version of CDP to use for 134.0.6998.118. You may need to include a dependency on a specific version of the CDP using something similar to `org.seleniumhq.selenium:selenium-devtools-v86:4.17.0` where the version ("v86") matches the version of the chromium-based browser you're using and the version number of the artifact is the same as Selenium's.
]]></system-err>
  </testcase>
  <testcase name="runScenario[&quot;Successful Logout and Session Verification&quot;, &quot;User LogOut&quot;](1)" classname="com.TastyNibbles.TestRunner.LogoutNG" time="23.969">
    <system-out><![CDATA[
Scenario: Successful Logout and Session Verification                                 # src/test/resources/com.TastyNibbles.Feature/LoggingOut.feature:2
  Given User opens the Browser                                                       # com.TastyNibbles.StepDefinition.RegistrationScenario.user_opens_the_browser()
  And User navigate to the "https://www.tastynibbles.in/" web page                   # com.TastyNibbles.StepDefinition.RegistrationScenario.user_navigate_to_the_web_page(java.lang.String)
  When User clicks on Account link                                                   # com.TastyNibbles.StepDefinition.RegistrationScenario.user_clicks_on_account_link()
2025-03-24T03:40:03.569844800Z main ERROR Log4j API could not find a logging provider.
sailakshmireddy@gmail.com
SaiReddy@2
  When User enters the login Credentials                                             # com.TastyNibbles.StepDefinition.LoggingOutScenario.user_enters_the_login_credentials(io.cucumber.datatable.DataTable)
    | TestData.xlsx |
  And User clicks on Sign In button                                                  # com.TastyNibbles.StepDefinition.ProductSearchScenario.user_clicks_on_sign_in_button()
  And User selects Logout option                                                     # com.TastyNibbles.StepDefinition.LoggingOutScenario.user_selects_logout_option()
  Then User Verify that the session ends and the user is redirected to the homepage. # com.TastyNibbles.StepDefinition.LoggingOutScenario.user_verify_that_the_session_ends_and_the_user_is_redirected_to_the_homepage()
  And User closes the Browser                                                        # com.TastyNibbles.StepDefinition.RegistrationScenario.user_closes_the_browser()
]]></system-out>
    <system-err><![CDATA[Mar 24, 2025 9:09:53 AM org.openqa.selenium.devtools.CdpVersionFinder findNearestMatch
WARNING: Unable to find CDP implementation matching 134
Mar 24, 2025 9:09:53 AM org.openqa.selenium.chromium.ChromiumDriver lambda$new$5
WARNING: Unable to find version of CDP to use for 134.0.6998.118. You may need to include a dependency on a specific version of the CDP using something similar to `org.seleniumhq.selenium:selenium-devtools-v86:4.17.0` where the version ("v86") matches the version of the chromium-based browser you're using and the version number of the artifact is the same as Selenium's.
]]></system-err>
  </testcase>
  <testcase name="runScenario[&quot;User Login with Invalid Credentials&quot;, &quot;User Login&quot;](1)" classname="com.TastyNibbles.TestRunner.ValidandInvalidLoginNG" time="18.527">
    <system-out><![CDATA[
Scenario Outline: User Login with Invalid Credentials                                     # src/test/resources/com.TastyNibbles.Feature/LoginValidandInvalid.feature:16
  Given User opens the Browser                                                            # com.TastyNibbles.StepDefinition.RegistrationScenario.user_opens_the_browser()
  And User navigate to the "https://www.tastynibbles.in/" web page                        # com.TastyNibbles.StepDefinition.RegistrationScenario.user_navigate_to_the_web_page(java.lang.String)
  When User clicks on Account link                                                        # com.TastyNibbles.StepDefinition.RegistrationScenario.user_clicks_on_account_link()
  When User enters 'sai@gmail.com' in the email field                                     # com.TastyNibbles.StepDefinition.LoggingValidandInvalid.user_enters_in_the_email_field(java.lang.String)
  And User enters 'Sai' in the password field                                             # com.TastyNibbles.StepDefinition.LoggingValidandInvalid.user_enters_in_the_password_field(java.lang.String)
  And User clicks on Sign In button                                                       # com.TastyNibbles.StepDefinition.ProductSearchScenario.user_clicks_on_sign_in_button()
  Then User verifies the 'Incorrect email or password.' message displayed above the login # com.TastyNibbles.StepDefinition.LoggingValidandInvalid.user_verifies_the_message_displayed_above_the_login(java.lang.String)
  And User closes the Browser                                                             # com.TastyNibbles.StepDefinition.RegistrationScenario.user_closes_the_browser()
]]></system-out>
    <system-err><![CDATA[Mar 24, 2025 9:10:17 AM org.openqa.selenium.devtools.CdpVersionFinder findNearestMatch
WARNING: Unable to find CDP implementation matching 134
Mar 24, 2025 9:10:17 AM org.openqa.selenium.chromium.ChromiumDriver lambda$new$5
WARNING: Unable to find version of CDP to use for 134.0.6998.118. You may need to include a dependency on a specific version of the CDP using something similar to `org.seleniumhq.selenium:selenium-devtools-v86:4.17.0` where the version ("v86") matches the version of the chromium-based browser you're using and the version number of the artifact is the same as Selenium's.
]]></system-err>
  </testcase>
  <testcase name="runScenario[&quot;User Login with valid Credentials&quot;, &quot;User Login&quot;](2)" classname="com.TastyNibbles.TestRunner.ValidandInvalidLoginNG" time="17.163">
    <system-out><![CDATA[
Scenario Outline: User Login with valid Credentials                # src/test/resources/com.TastyNibbles.Feature/LoginValidandInvalid.feature:28
  Given User opens the Browser                                     # com.TastyNibbles.StepDefinition.RegistrationScenario.user_opens_the_browser()
  And User navigate to the "https://www.tastynibbles.in/" web page # com.TastyNibbles.StepDefinition.RegistrationScenario.user_navigate_to_the_web_page(java.lang.String)
  When User clicks on Account link                                 # com.TastyNibbles.StepDefinition.RegistrationScenario.user_clicks_on_account_link()
  When User enters 'anureddy@gmail.com' in the email field         # com.TastyNibbles.StepDefinition.LoggingValidandInvalid.user_enters_in_the_email_field(java.lang.String)
  And User enters 'Anu@3422' in the password field                 # com.TastyNibbles.StepDefinition.LoggingValidandInvalid.user_enters_in_the_password_field(java.lang.String)
  And User clicks on Sign In button                                # com.TastyNibbles.StepDefinition.ProductSearchScenario.user_clicks_on_sign_in_button()
Success message retrival failed: Session ID is null. Using WebDriver after calling quit()?
Build info: version: '4.17.0', revision: 'e52b1be057*'
System info: os.name: 'Windows 11', os.arch: 'amd64', os.version: '10.0', java.version: '21.0.2'
Driver info: org.openqa.selenium.chrome.ChromeDriver
Command: [null, findElement {value=//h1[@class="section-header__title"], using=xpath}]
Capabilities {acceptInsecureCerts: false, browserName: chrome, browserVersion: 134.0.6998.118, chrome: {chromedriverVersion: 134.0.6998.165 (fd886e2cb29..., userDataDir: C:\Users\pjaga\AppData\Loca...}, fedcm:accounts: true, goog:chromeOptions: {debuggerAddress: localhost:52273}, networkConnectionEnabled: false, pageLoadStrategy: normal, platformName: windows, proxy: Proxy(), se:cdp: ws://localhost:52273/devtoo..., se:cdpVersion: 134.0.6998.118, setWindowRect: true, strictFileInteractability: false, timeouts: {implicit: 0, pageLoad: 300000, script: 30000}, unhandledPromptBehavior: dismiss and notify, webauthn:extension:credBlob: true, webauthn:extension:largeBlob: true, webauthn:extension:minPinLength: true, webauthn:extension:prf: true, webauthn:virtualAuthenticators: true}
  Then User verifies that My account is displayed after login      # com.TastyNibbles.StepDefinition.LoggingValidandInvalid.user_verifies_that_my_account_is_displayed_after_login()
  And User closes the Browser                                      # com.TastyNibbles.StepDefinition.RegistrationScenario.user_closes_the_browser()
]]></system-out>
    <system-err><![CDATA[Mar 24, 2025 9:10:35 AM org.openqa.selenium.devtools.CdpVersionFinder findNearestMatch
WARNING: Unable to find CDP implementation matching 134
Mar 24, 2025 9:10:35 AM org.openqa.selenium.chromium.ChromiumDriver lambda$new$5
WARNING: Unable to find version of CDP to use for 134.0.6998.118. You may need to include a dependency on a specific version of the CDP using something similar to `org.seleniumhq.selenium:selenium-devtools-v86:4.17.0` where the version ("v86") matches the version of the chromium-based browser you're using and the version number of the artifact is the same as Selenium's.
]]></system-err>
  </testcase>
  <testcase name="runScenario[&quot;Adding Multiple Products to Cart &amp; Validating Cart Summary&quot;, &quot;Actions&quot;](1)" classname="com.TastyNibbles.TestRunner.MultipleProductsToCartNG" time="37.512">
    <failure message="The total price in the cart is incorrect. expected [30000.0] but found [15000.0]" type="java.lang.AssertionError"><![CDATA[java.lang.AssertionError: The total price in the cart is incorrect. expected [30000.0] but found [15000.0]
]]></failure>
    <system-out><![CDATA[
Scenario Outline: Adding Multiple Products to Cart & Validating Cart Summary        # src/test/resources/com.TastyNibbles.Feature/AddMultipleProductsToCart.feature:21
  Given User opens the Browser                                                      # com.TastyNibbles.StepDefinition.RegistrationScenario.user_opens_the_browser()
  And User navigate to the "https://www.tastynibbles.in/" web page                  # com.TastyNibbles.StepDefinition.RegistrationScenario.user_navigate_to_the_web_page(java.lang.String)
  When User clicks on Account link                                                  # com.TastyNibbles.StepDefinition.RegistrationScenario.user_clicks_on_account_link()
  When User enters 'sailakshmireddy@gmail.com' in email field                       # com.TastyNibbles.StepDefinition.ProductSearchScenario.user_enters_in_email_field(java.lang.String)
  And User enters 'SaiReddy@2' in password field                                    # com.TastyNibbles.StepDefinition.ProductSearchScenario.user_enters_in_password_field(java.lang.String)
  And User clicks on Sign In button                                                 # com.TastyNibbles.StepDefinition.ProductSearchScenario.user_clicks_on_sign_in_button()
  When User types in 'Fish' about Productname                                       # com.TastyNibbles.StepDefinition.ProductSearchScenario.user_types_in_about_productname(java.lang.String)
  And User selects the 'Vegetable Fish Curry 200g' from the search results page     # com.TastyNibbles.StepDefinition.ProductSearchScenario.user_selects_the_from_the_search_results_page(java.lang.String)
  And User clicks on Add to Cart link                                               # com.TastyNibbles.StepDefinition.ProductSearchScenario.user_clicks_on_add_to_cart_link()
  When User types in 'Snacks' about Productname                                     # com.TastyNibbles.StepDefinition.ProductSearchScenario.user_types_in_about_productname(java.lang.String)
  And User selects the 'Fried Masala Prawns 50gm' from the search results page      # com.TastyNibbles.StepDefinition.ProductSearchScenario.user_selects_the_from_the_search_results_page(java.lang.String)
  And User clicks on Add to Cart link                                               # com.TastyNibbles.StepDefinition.ProductSearchScenario.user_clicks_on_add_to_cart_link()
Total text from page: Subtotal - MRP
₹ 15000
Actual Total: 15000.0
Expected Total: 30000.0
  Then Verify that the correct products and total price are displayed is '30000.0'. # com.TastyNibbles.StepDefinition.MultipleProductsToCart.verify_that_the_correct_products_and_total_price_are_displayed_is(java.lang.String)
      java.lang.AssertionError: The total price in the cart is incorrect. expected [30000.0] but found [15000.0]
      	at org.testng.Assert.fail(Assert.java:111)
      	at org.testng.Assert.failNotEquals(Assert.java:1578)
      	at org.testng.Assert.assertEquals(Assert.java:698)
      	at com.TastyNibbles.Pages.Page5.verifyTotalPrice(Page5.java:40)
      	at com.TastyNibbles.StepDefinition.MultipleProductsToCart.verify_that_the_correct_products_and_total_price_are_displayed_is(MultipleProductsToCart.java:13)
      	at ✽.Verify that the correct products and total price are displayed is '30000.0'.(file:///C:/Users/pjaga/eclipse-workspace/TastyNibbles/src/test/resources/com.TastyNibbles.Feature/AddMultipleProductsToCart.feature:17)
  And User closes the Browser                                                       # com.TastyNibbles.StepDefinition.RegistrationScenario.user_closes_the_browser()
]]></system-out>
    <system-err><![CDATA[Mar 24, 2025 9:10:53 AM org.openqa.selenium.devtools.CdpVersionFinder findNearestMatch
WARNING: Unable to find CDP implementation matching 134
Mar 24, 2025 9:10:53 AM org.openqa.selenium.chromium.ChromiumDriver lambda$new$5
WARNING: Unable to find version of CDP to use for 134.0.6998.118. You may need to include a dependency on a specific version of the CDP using something similar to `org.seleniumhq.selenium:selenium-devtools-v86:4.17.0` where the version ("v86") matches the version of the chromium-based browser you're using and the version number of the artifact is the same as Selenium's.
]]></system-err>
  </testcase>
</testsuite>